06 Sept 2018 11:51:55,157 - COMMAND 
06 Sept 2018 11:51:55,324 - COMMAND
06 Sept 2018 11:51:55,352 - COMMIT
06 Sept 2018 11:51:55,415 - COMMAND 
06 Sept 2018 11:51:55,472 - COMMAND 
06 Sept 2018 11:51:55,521 - COMMIT
06 Sept 2018 11:51:55,579 - COMMAND 
06 Sept 2018 11:51:55,662 - COMMAND 
06 Sept 2018 11:51:55,748 - COMMAND 
06 Sept 2018 11:51:55,831 - COMMAND 
06 Sept 2018 11:51:55,950 - COMMAND 
Error line: 40600632
LastModDate =
06 Sept 2018 11:51:56,301 - COMMAND 
06 Sept 2018 11:51:56,330 - COMMIT
06 Sept 2018 11:51:56,418 - COMMAND 
06 Sept 2018 11:51:56,511 - COMMAND 
06 Sept 2018 11:51:56,531 - COMMIT
06 Sept 2018 11:51:56,586 - COMMAND 

Error line: 40600608
LastModDate =

Error line: 40600633
LastModDate =
06 Sept 2018 11:51:57,111 - COMMAND 
06 Sept 2018 11:51:57,141 - COMMIT
06 Sept 2018 11:51:57,209 - COMMAND 

Error line: 40600669
LastModDate =
06 Sept 2018 11:51:57,520 - COMMAND 
06 Sept 2018 11:51:57,540 - COMMIT
06 Sept 2018 11:51:57,623 - COMMAND 

Error line: 40600808
LastModDate =
06 Sept 2018 11:51:57,623 - COMMAND 

Error line: 40600569
LastModDate =
06 Sept 2018 11:51:58,201 - COMMAND 
06 Sept 2018 11:51:58,250 - COMMIT
06 Sept 2018 11:51:58,307 - COMMAND 
Error line: 40600641
LastModDate =
06 Sept 2018 11:51:58,842 - COMMAND 
Error line: 40600605
LastModDate =
06 Sept 2018 11:51:58,911 - COMMIT
06 Sept 2018 11:51:58,980 - COMMAND 
06 Sept 2018 11:51:59,051 - COMMAND 
06 Sept 2018 11:51:59,071 - COMMIT
06 Sept 2018 11:51:59,144 - COMMAND 
06 Sept 2018 11:51:59,212 - COMMAND 
06 Sept 2018 11:51:59,263 - COMMIT
06 Sept 2018 11:51:59,323 - COMMAND 
Error line: 40600613
LastModDate =
06 Sept 2018 11:51:59,906 - COMMAND 
Error line: 40600819
LastModDate =
06 Sept 2018 11:52:00,171 - COMMAND 
06 Sept 2018 11:52:00,191 - COMMIT
06 Sept 2018 11:52:00,251 - COMMAND 
06 Sept 2018 11:52:00,311 - COMMAND 
06 Sept 2018 11:52:00,331 - COMMIT